[STEP] [2022-03-29 23:55:40] Looking for PHP CLI executable file.
[WARN] [2022-03-29 23:55:40] Could not find proper PHP CLI executable, this process may be unstable.
[WARN] [2022-03-29 23:55:40] PHP CLI file cannot be executed due to unknown reason.
[STEP] [2022-03-29 23:55:40] Initializing backup...
[INFO] [2022-03-29 23:55:40] Backup & Migration version: 1.1.9
[INFO] [2022-03-29 23:55:40] Site which will be backed up: http://qwery.test
[INFO] [2022-03-29 23:55:40] PHP Version: 7.4.19
[INFO] [2022-03-29 23:55:40] WP Version: 5.9.2
[INFO] [2022-03-29 23:55:40] Web server: Apache/2.4.47 (Win64) OpenSSL/1.1.1m PHP/7.4.19
[INFO] [2022-03-29 23:55:40] Max execution time (in seconds): 259200
[INFO] [2022-03-29 23:55:40] Max rows per query (this site): 300
[INFO] [2022-03-29 23:55:40] Checking if backup dir is writable...
[INFO] [2022-03-29 23:55:40] Initializing custom error handler
[SUCCESS] [2022-03-29 23:55:40] Yup it is writable...
[STEP] [2022-03-29 23:55:40] Scanning files...
[WARN] [2022-03-29 23:55:50] Removing file from backup (too large) C:\laragon\www\qwery\wp-content\ai1wm-backups\qwery.test-20220329-203636-tdjciu.wpress (558.84 MB)
[WARN] [2022-03-29 23:55:50] Removing file from backup (too large) C:\laragon\www\qwery\wp-content\ai1wm-backups\qwery.test-20220329-233827-xttz8u.wpress (559.04 MB)
[STEP] [2022-03-29 23:55:50] Checking free space, reserving...
[INFO] [2022-03-29 23:55:50] Requires at least 895914956 bytes. [854.41 MB]
[INFO] [2022-03-29 23:55:50] Disk free space function is not disabled - using it...
[INFO] [2022-03-29 23:55:50] Checking this path/partition: C:\laragon\www\qwery\wp-content\backup-migration-iOAbIPHJmj\backups
[SUCCESS] [2022-03-29 23:55:50] There is 25,879.84 MB free. [25.27 GB]
[SUCCESS] [2022-03-29 23:55:50] Great! We have enough space.
[SUCCESS] [2022-03-29 23:55:50] Confirmed, there is more than enough space, checked: 895914956 bytes
[INFO] [2022-03-29 23:55:50] Scanning done - found 24818 files...
[SUCCESS] [2022-03-29 23:55:50] Backup initialized...
[STEP] [2022-03-29 23:55:50] Initializing archiving system...
[SUCCESS] [2022-03-29 23:55:50] Archive system initialized...
[STEP] [2022-03-29 23:55:50] Preparing map of files...
[SUCCESS] [2022-03-29 23:55:50] Files prepared.
[INFO] [2022-03-29 23:55:50] Starting compression process...
[STEP] [2022-03-29 23:55:50] Smart memory calculation...
[INFO] [2022-03-29 23:55:50] There is 512 MBs of memory to use
[INFO] [2022-03-29 23:55:50] WordPress memory limit: 512 MBs
[SUCCESS] [2022-03-29 23:55:50] Setting the safe limit to 115 MB
[STEP] [2022-03-29 23:55:50] Making database backup (using V2 engine, requires at least v1.1.0 to restore)
[INFO] [2022-03-29 23:55:50] Iterating database...
[INFO] [2022-03-29 23:55:50] Memory usage after initialization: 149.84 MB
[INFO] [2022-03-29 23:55:50] Scan found 98 tables (4142 rows), estimated total size: 13.81 MB.
[INFO] [2022-03-29 23:55:50] Memory usage after getting table names: 149.89 MB 
[INFO] [2022-03-29 23:55:50] Getting table recipes...
[INFO] [2022-03-29 23:55:51] Table recipes have been exported.
[INFO] [2022-03-29 23:55:51] Memory usage after loading recipes: 149.97 MB 
[INFO] [2022-03-29 23:55:51] Saving recipes...
[INFO] [2022-03-29 23:55:51] Recipes saved.
[INFO] [2022-03-29 23:55:51] Memory usage after recipe off-load: 149.91 MB
[INFO] [2022-03-29 23:55:51] Exporting table data...
[INFO] [2022-03-29 23:55:51] Getting data of table: wp_actionscheduler_actions (0.13 MB)
[INFO] [2022-03-29 23:55:51] Table: wp_actionscheduler_actions cloned, operation took: 0.00733 ms
[INFO] [2022-03-29 23:55:51] Getting data of table: wp_actionscheduler_claims (0.03 MB)
[INFO] [2022-03-29 23:55:51] Table: wp_actionscheduler_claims cloned, operation took: 0.00066 ms
[INFO] [2022-03-29 23:55:51] Getting data of table: wp_actionscheduler_groups (0.03 MB)
[INFO] [2022-03-29 23:55:51] Table: wp_actionscheduler_groups cloned, operation took: 0.00415 ms
[INFO] [2022-03-29 23:55:51] Getting data of table: wp_actionscheduler_logs (0.05 MB)
[INFO] [2022-03-29 23:55:51] Table: wp_actionscheduler_logs cloned, operation took: 0.00717 ms
[INFO] [2022-03-29 23:55:51] Getting data of table: wp_commentmeta (0.05 MB)
[INFO] [2022-03-29 23:55:51] Table: wp_commentmeta cloned, operation took: 0.00551 ms
[INFO] [2022-03-29 23:55:51] Getting data of table: wp_comments (0.11 MB)
[INFO] [2022-03-29 23:55:51] Table: wp_comments cloned, operation took: 0.00437 ms
[INFO] [2022-03-29 23:55:51] Getting data of table: wp_duplicator_packages (0.03 MB)
[INFO] [2022-03-29 23:55:51] Table: wp_duplicator_packages cloned, operation took: 0.00062 ms
[INFO] [2022-03-29 23:55:51] Getting data of table: wp_e_events (0.03 MB)
[INFO] [2022-03-29 23:55:51] Table: wp_e_events cloned, operation took: 0.00054 ms
[INFO] [2022-03-29 23:55:51] Getting data of table: wp_latepoint_activities (0.02 MB)
[INFO] [2022-03-29 23:55:51] Table: wp_latepoint_activities cloned, operation took: 0.00054 ms
[INFO] [2022-03-29 23:55:51] Getting data of table: wp_latepoint_agent_meta (0.05 MB)
[INFO] [2022-03-29 23:55:51] Table: wp_latepoint_agent_meta cloned, operation took: 0.00048 ms
[INFO] [2022-03-29 23:55:51] Getting data of table: wp_latepoint_agents (0.03 MB)
[INFO] [2022-03-29 23:55:51] Table: wp_latepoint_agents cloned, operation took: 0.00050 ms
[INFO] [2022-03-29 23:55:51] Getting data of table: wp_latepoint_agents_services (0.06 MB)
[INFO] [2022-03-29 23:55:51] Table: wp_latepoint_agents_services cloned, operation took: 0.00048 ms
[INFO] [2022-03-29 23:55:51] Getting data of table: wp_latepoint_booking_intents (0.03 MB)
[INFO] [2022-03-29 23:55:51] Table: wp_latepoint_booking_intents cloned, operation took: 0.00049 ms
[INFO] [2022-03-29 23:55:51] Getting data of table: wp_latepoint_booking_meta (0.05 MB)
[INFO] [2022-03-29 23:55:51] Table: wp_latepoint_booking_meta cloned, operation took: 0.00051 ms
[INFO] [2022-03-29 23:55:51] Getting data of table: wp_latepoint_bookings (0.13 MB)
[INFO] [2022-03-29 23:55:51] Table: wp_latepoint_bookings cloned, operation took: 0.00042 ms
[INFO] [2022-03-29 23:55:51] Getting data of table: wp_latepoint_custom_prices (0.06 MB)
[INFO] [2022-03-29 23:55:51] Table: wp_latepoint_custom_prices cloned, operation took: 0.00033 ms
[INFO] [2022-03-29 23:55:51] Getting data of table: wp_latepoint_customer_meta (0.05 MB)
[INFO] [2022-03-29 23:55:51] Table: wp_latepoint_customer_meta cloned, operation took: 0.00033 ms
[INFO] [2022-03-29 23:55:51] Getting data of table: wp_latepoint_customers (0.06 MB)
[INFO] [2022-03-29 23:55:51] Table: wp_latepoint_customers cloned, operation took: 0.00050 ms
[INFO] [2022-03-29 23:55:51] Getting data of table: wp_latepoint_location_categories (0.05 MB)
[INFO] [2022-03-29 23:55:51] Table: wp_latepoint_location_categories cloned, operation took: 0.00051 ms
[INFO] [2022-03-29 23:55:51] Getting data of table: wp_latepoint_locations (0.03 MB)
[INFO] [2022-03-29 23:55:51] Table: wp_latepoint_locations cloned, operation took: 0.00461 ms
[INFO] [2022-03-29 23:55:51] Getting data of table: wp_latepoint_sent_reminders (0.05 MB)
[INFO] [2022-03-29 23:55:51] Table: wp_latepoint_sent_reminders cloned, operation took: 0.00039 ms
[INFO] [2022-03-29 23:55:51] Getting data of table: wp_latepoint_service_categories (0.05 MB)
[INFO] [2022-03-29 23:55:51] Table: wp_latepoint_service_categories cloned, operation took: 0.00037 ms
[INFO] [2022-03-29 23:55:51] Getting data of table: wp_latepoint_service_meta (0.05 MB)
[INFO] [2022-03-29 23:55:51] Table: wp_latepoint_service_meta cloned, operation took: 0.00035 ms
[INFO] [2022-03-29 23:55:51] Getting data of table: wp_latepoint_services (0.06 MB)
[INFO] [2022-03-29 23:55:51] Table: wp_latepoint_services cloned, operation took: 0.00033 ms
[INFO] [2022-03-29 23:55:51] Getting data of table: wp_latepoint_sessions (0.03 MB)
[INFO] [2022-03-29 23:55:51] Table: wp_latepoint_sessions cloned, operation took: 0.00040 ms
[INFO] [2022-03-29 23:55:51] Getting data of table: wp_latepoint_settings (0.03 MB)
[INFO] [2022-03-29 23:55:51] Table: wp_latepoint_settings cloned, operation took: 0.00038 ms
[INFO] [2022-03-29 23:55:51] Getting data of table: wp_latepoint_step_settings (0.05 MB)
[INFO] [2022-03-29 23:55:51] Table: wp_latepoint_step_settings cloned, operation took: 0.00054 ms
[INFO] [2022-03-29 23:55:51] Getting data of table: wp_latepoint_transactions (0.02 MB)
[INFO] [2022-03-29 23:55:51] Table: wp_latepoint_transactions cloned, operation took: 0.00046 ms
[INFO] [2022-03-29 23:55:51] Getting data of table: wp_latepoint_work_periods (0.09 MB)
[INFO] [2022-03-29 23:55:51] Table: wp_latepoint_work_periods cloned, operation took: 0.00053 ms
[INFO] [2022-03-29 23:55:51] Getting data of table: wp_links (0.03 MB)
[INFO] [2022-03-29 23:55:51] Table: wp_links cloned, operation took: 0.00037 ms
[INFO] [2022-03-29 23:55:51] Getting data of table: wp_options (5.53 MB)
[INFO] [2022-03-29 23:55:51] Table: wp_options cloned, operation took: 0.20998 ms
[INFO] [2022-03-29 23:55:51] Getting data of table: wp_postmeta (2.63 MB)
[INFO] [2022-03-29 23:55:51] Table: wp_postmeta cloned, operation took: 0.29094 ms
[INFO] [2022-03-29 23:55:51] Getting data of table: wp_posts (1.50 MB)
[INFO] [2022-03-29 23:55:51] Table: wp_posts cloned, operation took: 0.05019 ms
[INFO] [2022-03-29 23:55:51] Getting data of table: wp_revslider_css (0.14 MB)
[INFO] [2022-03-29 23:55:51] Table: wp_revslider_css cloned, operation took: 0.01433 ms
[INFO] [2022-03-29 23:55:51] Getting data of table: wp_revslider_css_bkp (0.03 MB)
[INFO] [2022-03-29 23:55:51] Table: wp_revslider_css_bkp cloned, operation took: 0.00731 ms
[INFO] [2022-03-29 23:55:51] Getting data of table: wp_revslider_layer_animations (0.02 MB)
[INFO] [2022-03-29 23:55:51] Table: wp_revslider_layer_animations cloned, operation took: 0.00055 ms
[INFO] [2022-03-29 23:55:51] Getting data of table: wp_revslider_layer_animations_bkp (0.02 MB)
[INFO] [2022-03-29 23:55:51] Table: wp_revslider_layer_animations_bkp cloned, operation took: 0.00055 ms
[INFO] [2022-03-29 23:55:51] Getting data of table: wp_revslider_navigations (0.02 MB)
[INFO] [2022-03-29 23:55:51] Table: wp_revslider_navigations cloned, operation took: 0.00384 ms
[INFO] [2022-03-29 23:55:51] Getting data of table: wp_revslider_navigations_bkp (0.02 MB)
[INFO] [2022-03-29 23:55:51] Table: wp_revslider_navigations_bkp cloned, operation took: 0.00059 ms
[INFO] [2022-03-29 23:55:51] Getting data of table: wp_revslider_sliders (0.03 MB)
[INFO] [2022-03-29 23:55:51] Table: wp_revslider_sliders cloned, operation took: 0.00377 ms
[INFO] [2022-03-29 23:55:51] Getting data of table: wp_revslider_sliders_bkp (0.03 MB)
[INFO] [2022-03-29 23:55:51] Table: wp_revslider_sliders_bkp cloned, operation took: 0.00061 ms
[INFO] [2022-03-29 23:55:51] Getting data of table: wp_revslider_slides (0.13 MB)
[INFO] [2022-03-29 23:55:51] Table: wp_revslider_slides cloned, operation took: 0.00540 ms
[INFO] [2022-03-29 23:55:51] Getting data of table: wp_revslider_slides_bkp (0.03 MB)
[INFO] [2022-03-29 23:55:51] Table: wp_revslider_slides_bkp cloned, operation took: 0.00034 ms
[INFO] [2022-03-29 23:55:51] Getting data of table: wp_revslider_static_slides (0.03 MB)
[INFO] [2022-03-29 23:55:51] Table: wp_revslider_static_slides cloned, operation took: 0.00323 ms
[INFO] [2022-03-29 23:55:51] Getting data of table: wp_revslider_static_slides_bkp (0.03 MB)
[INFO] [2022-03-29 23:55:51] Table: wp_revslider_static_slides_bkp cloned, operation took: 0.00067 ms
[INFO] [2022-03-29 23:55:51] Getting data of table: wp_sbi_feed_caches (0.03 MB)
[INFO] [2022-03-29 23:55:51] Table: wp_sbi_feed_caches cloned, operation took: 0.00044 ms
[INFO] [2022-03-29 23:55:51] Getting data of table: wp_sbi_feeds (0.03 MB)
[INFO] [2022-03-29 23:55:51] Table: wp_sbi_feeds cloned, operation took: 0.00035 ms
[INFO] [2022-03-29 23:55:51] Getting data of table: wp_sbi_instagram_feed_locator (0.05 MB)
[INFO] [2022-03-29 23:55:51] Table: wp_sbi_instagram_feed_locator cloned, operation took: 0.00032 ms
[INFO] [2022-03-29 23:55:51] Getting data of table: wp_sbi_instagram_feeds_posts (0.05 MB)
[INFO] [2022-03-29 23:55:51] Table: wp_sbi_instagram_feeds_posts cloned, operation took: 0.00034 ms
[INFO] [2022-03-29 23:55:51] Getting data of table: wp_sbi_instagram_posts (0.02 MB)
[INFO] [2022-03-29 23:55:51] Table: wp_sbi_instagram_posts cloned, operation took: 0.00031 ms
[INFO] [2022-03-29 23:55:51] Getting data of table: wp_sbi_sources (0.05 MB)
[INFO] [2022-03-29 23:55:51] Table: wp_sbi_sources cloned, operation took: 0.00030 ms
[INFO] [2022-03-29 23:55:51] Getting data of table: wp_sg_action (0.02 MB)
[INFO] [2022-03-29 23:55:51] Table: wp_sg_action cloned, operation took: 0.00032 ms
[INFO] [2022-03-29 23:55:51] Getting data of table: wp_sg_config (0.02 MB)
[INFO] [2022-03-29 23:55:51] Table: wp_sg_config cloned, operation took: 0.00368 ms
[INFO] [2022-03-29 23:55:51] Getting data of table: wp_sg_schedule (0.02 MB)
[INFO] [2022-03-29 23:55:52] Table: wp_sg_schedule cloned, operation took: 0.00067 ms
[INFO] [2022-03-29 23:55:52] Getting data of table: wp_term_relationships (0.03 MB)
[INFO] [2022-03-29 23:55:52] Table: wp_term_relationships cloned, operation took: 0.00508 ms
[INFO] [2022-03-29 23:55:52] Getting data of table: wp_term_taxonomy (0.05 MB)
[INFO] [2022-03-29 23:55:52] Table: wp_term_taxonomy cloned, operation took: 0.00518 ms
[INFO] [2022-03-29 23:55:52] Getting data of table: wp_termmeta (0.05 MB)
[INFO] [2022-03-29 23:55:52] Table: wp_termmeta cloned, operation took: 0.00483 ms
[INFO] [2022-03-29 23:55:52] Getting data of table: wp_terms (0.05 MB)
[INFO] [2022-03-29 23:55:52] Table: wp_terms cloned, operation took: 0.00644 ms
[INFO] [2022-03-29 23:55:52] Getting data of table: wp_tinvwl_analytics (0.03 MB)
[INFO] [2022-03-29 23:55:52] Table: wp_tinvwl_analytics cloned, operation took: 0.00059 ms
[INFO] [2022-03-29 23:55:52] Getting data of table: wp_tinvwl_items (0.02 MB)
[INFO] [2022-03-29 23:55:52] Table: wp_tinvwl_items cloned, operation took: 0.00049 ms
[INFO] [2022-03-29 23:55:52] Getting data of table: wp_tinvwl_lists (0.02 MB)
[INFO] [2022-03-29 23:55:52] Table: wp_tinvwl_lists cloned, operation took: 0.00045 ms
[INFO] [2022-03-29 23:55:52] Getting data of table: wp_usermeta (0.05 MB)
[INFO] [2022-03-29 23:55:52] Table: wp_usermeta cloned, operation took: 0.00518 ms
[INFO] [2022-03-29 23:55:52] Getting data of table: wp_users (0.06 MB)
[INFO] [2022-03-29 23:55:52] Table: wp_users cloned, operation took: 0.00404 ms
[INFO] [2022-03-29 23:55:52] Getting data of table: wp_wc_admin_note_actions (0.03 MB)
[INFO] [2022-03-29 23:55:52] Table: wp_wc_admin_note_actions cloned, operation took: 0.00538 ms
[INFO] [2022-03-29 23:55:52] Getting data of table: wp_wc_admin_notes (0.05 MB)
[INFO] [2022-03-29 23:55:52] Table: wp_wc_admin_notes cloned, operation took: 0.00641 ms
[INFO] [2022-03-29 23:55:52] Getting data of table: wp_wc_category_lookup (0.02 MB)
[INFO] [2022-03-29 23:55:52] Table: wp_wc_category_lookup cloned, operation took: 0.00343 ms
[INFO] [2022-03-29 23:55:52] Getting data of table: wp_wc_customer_lookup (0.05 MB)
[INFO] [2022-03-29 23:55:52] Table: wp_wc_customer_lookup cloned, operation took: 0.00048 ms
[INFO] [2022-03-29 23:55:52] Getting data of table: wp_wc_download_log (0.05 MB)
[INFO] [2022-03-29 23:55:52] Table: wp_wc_download_log cloned, operation took: 0.00046 ms
[INFO] [2022-03-29 23:55:52] Getting data of table: wp_wc_order_coupon_lookup (0.05 MB)
[INFO] [2022-03-29 23:55:52] Table: wp_wc_order_coupon_lookup cloned, operation took: 0.00044 ms
[INFO] [2022-03-29 23:55:52] Getting data of table: wp_wc_order_product_lookup (0.08 MB)
[INFO] [2022-03-29 23:55:52] Table: wp_wc_order_product_lookup cloned, operation took: 0.00056 ms
[INFO] [2022-03-29 23:55:52] Getting data of table: wp_wc_order_stats (0.06 MB)
[INFO] [2022-03-29 23:55:52] Table: wp_wc_order_stats cloned, operation took: 0.00069 ms
[INFO] [2022-03-29 23:55:52] Getting data of table: wp_wc_order_tax_lookup (0.05 MB)
[INFO] [2022-03-29 23:55:52] Table: wp_wc_order_tax_lookup cloned, operation took: 0.00046 ms
[INFO] [2022-03-29 23:55:52] Getting data of table: wp_wc_product_attributes_lookup (0.05 MB)
[INFO] [2022-03-29 23:55:52] Table: wp_wc_product_attributes_lookup cloned, operation took: 0.00391 ms
[INFO] [2022-03-29 23:55:52] Getting data of table: wp_wc_product_meta_lookup (0.11 MB)
[INFO] [2022-03-29 23:55:52] Table: wp_wc_product_meta_lookup cloned, operation took: 0.00466 ms
[INFO] [2022-03-29 23:55:52] Getting data of table: wp_wc_rate_limits (0.03 MB)
[INFO] [2022-03-29 23:55:52] Table: wp_wc_rate_limits cloned, operation took: 0.00066 ms
[INFO] [2022-03-29 23:55:52] Getting data of table: wp_wc_reserved_stock (0.02 MB)
[INFO] [2022-03-29 23:55:52] Table: wp_wc_reserved_stock cloned, operation took: 0.00072 ms
[INFO] [2022-03-29 23:55:52] Getting data of table: wp_wc_tax_rate_classes (0.03 MB)
[INFO] [2022-03-29 23:55:52] Table: wp_wc_tax_rate_classes cloned, operation took: 0.00384 ms
[INFO] [2022-03-29 23:55:52] Getting data of table: wp_wc_webhooks (0.03 MB)
[INFO] [2022-03-29 23:55:52] Table: wp_wc_webhooks cloned, operation took: 0.00041 ms
[INFO] [2022-03-29 23:55:52] Getting data of table: wp_woocommerce_api_keys (0.05 MB)
[INFO] [2022-03-29 23:55:52] Table: wp_woocommerce_api_keys cloned, operation took: 0.00034 ms
[INFO] [2022-03-29 23:55:52] Getting data of table: wp_woocommerce_attribute_taxonomies (0.03 MB)
[INFO] [2022-03-29 23:55:52] Table: wp_woocommerce_attribute_taxonomies cloned, operation took: 0.00321 ms
[INFO] [2022-03-29 23:55:52] Getting data of table: wp_woocommerce_downloadable_product_permissions (0.08 MB)
[INFO] [2022-03-29 23:55:52] Table: wp_woocommerce_downloadable_product_permissions cloned, operation took: 0.00038 ms
[INFO] [2022-03-29 23:55:52] Getting data of table: wp_woocommerce_log (0.03 MB)
[INFO] [2022-03-29 23:55:52] Table: wp_woocommerce_log cloned, operation took: 0.00031 ms
[INFO] [2022-03-29 23:55:52] Getting data of table: wp_woocommerce_order_itemmeta (0.05 MB)
[INFO] [2022-03-29 23:55:52] Table: wp_woocommerce_order_itemmeta cloned, operation took: 0.00030 ms
[INFO] [2022-03-29 23:55:52] Getting data of table: wp_woocommerce_order_items (0.03 MB)
[INFO] [2022-03-29 23:55:52] Table: wp_woocommerce_order_items cloned, operation took: 0.00049 ms
[INFO] [2022-03-29 23:55:52] Getting data of table: wp_woocommerce_payment_tokenmeta (0.05 MB)
[INFO] [2022-03-29 23:55:52] Table: wp_woocommerce_payment_tokenmeta cloned, operation took: 0.00038 ms
[INFO] [2022-03-29 23:55:52] Getting data of table: wp_woocommerce_payment_tokens (0.03 MB)
[INFO] [2022-03-29 23:55:52] Table: wp_woocommerce_payment_tokens cloned, operation took: 0.00031 ms
[INFO] [2022-03-29 23:55:52] Getting data of table: wp_woocommerce_sessions (0.03 MB)
[INFO] [2022-03-29 23:55:52] Table: wp_woocommerce_sessions cloned, operation took: 0.00368 ms
[INFO] [2022-03-29 23:55:52] Getting data of table: wp_woocommerce_shipping_zone_locations (0.05 MB)
[INFO] [2022-03-29 23:55:52] Table: wp_woocommerce_shipping_zone_locations cloned, operation took: 0.00037 ms
[INFO] [2022-03-29 23:55:52] Getting data of table: wp_woocommerce_shipping_zone_methods (0.02 MB)
[INFO] [2022-03-29 23:55:52] Table: wp_woocommerce_shipping_zone_methods cloned, operation took: 0.00040 ms
[INFO] [2022-03-29 23:55:52] Getting data of table: wp_woocommerce_shipping_zones (0.02 MB)
[INFO] [2022-03-29 23:55:52] Table: wp_woocommerce_shipping_zones cloned, operation took: 0.00109 ms
[INFO] [2022-03-29 23:55:52] Getting data of table: wp_woocommerce_tax_rate_locations (0.05 MB)
[INFO] [2022-03-29 23:55:52] Table: wp_woocommerce_tax_rate_locations cloned, operation took: 0.00037 ms
[INFO] [2022-03-29 23:55:52] Getting data of table: wp_woocommerce_tax_rates (0.08 MB)
[INFO] [2022-03-29 23:55:52] Table: wp_woocommerce_tax_rates cloned, operation took: 0.00031 ms
[INFO] [2022-03-29 23:55:52] Getting data of table: wp_wpgdprc_access_requests (0.02 MB)
[INFO] [2022-03-29 23:55:52] Table: wp_wpgdprc_access_requests cloned, operation took: 0.00030 ms
[INFO] [2022-03-29 23:55:52] Getting data of table: wp_wpgdprc_consents (0.02 MB)
[INFO] [2022-03-29 23:55:52] Table: wp_wpgdprc_consents cloned, operation took: 0.00031 ms
[INFO] [2022-03-29 23:55:52] Getting data of table: wp_wpgdprc_delete_requests (0.02 MB)
[INFO] [2022-03-29 23:55:52] Table: wp_wpgdprc_delete_requests cloned, operation took: 0.00031 ms
[INFO] [2022-03-29 23:55:52] Getting data of table: wp_wpgdprc_log (0.02 MB)
[INFO] [2022-03-29 23:55:52] Table: wp_wpgdprc_log cloned, operation took: 0.00036 ms
[INFO] [2022-03-29 23:55:52] Getting data of table: wp_wpvivid_scan_result (0.02 MB)
[INFO] [2022-03-29 23:55:52] Table: wp_wpvivid_scan_result cloned, operation took: 0.00034 ms
[INFO] [2022-03-29 23:55:52] Getting data of table: wp_wpvivid_unused_uploads_files (0.02 MB)
[INFO] [2022-03-29 23:55:52] Table: wp_wpvivid_unused_uploads_files cloned, operation took: 0.00032 ms
[INFO] [2022-03-29 23:55:52] Table data exported.
[INFO] [2022-03-29 23:55:52] Memory usage after data export: 149.90 MB
[INFO] [2022-03-29 23:55:52] Entire process took: 1.8729 s
[SUCCESS] [2022-03-29 23:55:52] Database backup finished
[STEP] [2022-03-29 23:55:52] Making archive
[INFO] [2022-03-29 23:55:52] Compressing...
[INFO] [2022-03-29 23:55:52] Using PclZip module to create the backup
[INFO] [2022-03-29 23:55:52] Legacy setting: Using default modules depending on user server
[WARN] [2022-03-29 23:55:52] Backup will run as single-request, may be unstable...
[INFO] [2022-03-29 23:55:52] Chunks contain 4000 files.
[INFO] [2022-03-29 23:56:05] Milestone: 4000/24818
[INFO] [2022-03-29 23:56:19] Milestone: 8000/24818
[INFO] [2022-03-29 23:56:25] Milestone: 12000/24818
[INFO] [2022-03-29 23:56:32] Milestone: 16000/24818
[INFO] [2022-03-29 23:56:36] Milestone: 20000/24818
[INFO] [2022-03-29 23:56:43] Milestone: 24000/24818
[INFO] [2022-03-29 23:57:02] Milestone: 24818/24818
[SUCCESS] [2022-03-29 23:57:02] Compressed 24818 files
[INFO] [2022-03-29 23:57:02] Archiving of 24818 files took: 72.09s
[STEP] [2022-03-29 23:57:02] Finalizing backup
[INFO] [2022-03-29 23:57:02] Adding manifest...
[STEP] [2022-03-29 23:57:02] Closing files and archives
[END-CODE] [2022-03-29 23:57:02] #001
